/Users/rj/.nvm/versions/node/v15.14.0/bin/node ./node_modules/.bin/hardhat run --network ewVolta /Users/rj/Projects/ew/liqudity/afrr/packages/contracts/mainnetDeployment/ewVoltaDeployment.js
(node:67011) Warning: Accessing non-existent property 'VERSION' of module exports inside circular dependency
(Use `node --trace-warnings ...` to show where the warning was created)
web3-shh package will be deprecated in version 1.3.5 and will no longer be supported.
web3-bzz package will be deprecated in version 1.3.5 and will no longer be supported.
Deploying to ewVolta, Date=Sun, 01 Aug 2021 13:38:55 GMT
(node:67014) Warning: Accessing non-existent property 'VERSION' of module exports inside circular dependency
(Use `node --trace-warnings ...` to show where the warning was created)
Loading previous deployment...
Deployer address: 0xC49965F4F6f4eBe512f16916eaAEE8A3d822D03b
Bounty address: 0x1095C1c3CbF6F5fc9225cda21c822b240DB91dD7
Multisig address: 0x0D0149cd10a0aA6AD4c7b2819AF0F1044E6bf0A8
DeployerETHBalance before: 2919776940244847100
Uniswp addr: 0xD44463E5299dC807924Ff94B05aF53b3dF037301
Uniswap Factory number of pairs: 12
Deployer's ETH balance before deployments: 2919776940244847100
Deploying contract priceFeed...
Deploying contract sortedTroves...
Deploying contract troveManager...
Deploying contract activePool...
Deploying contract stabilityPool...
Deploying contract gasPool...
Deploying contract defaultPool...
Deploying contract collSurplusPool...
Deploying contract borrowerOperations...
Deploying contract hintHelpers...
Deploying contract tellorCaller...
Deploying contract lusdToken...
No Etherscan Url defined, skipping verification
Contract objects addresses:
priceFeed: 0xda959e442AAFc00b651B0616A9CDdd9Ad8269819
lusdToken: 0x5EAD453aFa2E8a81937e7e9Ae98B85D8472bd48E
sortedTroves: 0xe0AE231f053594a61C671B81D483F73e258834c4
troveManager: 0x390E8832eE00F29b8356B0AB23a358aBDf15911D
activePool: 0x3b1C328b2dA34d3F909bb502057d213df830c6eE
stabilityPool: 0x7Ac6aB9F22E05a531aD68eA98b932626812Cd8c0
gasPool: 0xD171D970f9A71B22f7e1f4CC05BEd56737780E10
defaultPool: 0x58E4e6a5595D606986b8286Cc63A9705f925460D
collSurplusPool: 0x3a2eC1192424d3a96443DCC4D33A693AE41b48Bf
borrowerOperations: 0xDa049E225102BE0094784aD62145481Fc39198C2
hintHelpers: 0x1b2CB837E9A6BD2cb1f335bEF332Bbb1036e6402
tellorCaller: 0x149BE86ae05197A995307b068820260bF1B9eDc0
Deploying Unipool for LUSD-WETH...
LUSD-WETH pair contract address after Uniswap pair creation: 0x2Bd61070356429A5dD495C11F9d419482c0f2970
Deploying contract unipool...
No Etherscan Url defined, skipping verification
Deploying contract lqtyStaking...
Deploying contract lockupContractFactory...
Deploying contract communityIssuance...
Deploying contract lqtyToken...
No Etherscan Url defined, skipping verification
Deploying contract ChainLinkBypass...
No Etherscan Url defined, skipping verification
Connecting Core Contracts...
pricefeed.setAddresses...
sortedTroves.setParms...
troveManager.setAddresses...
borrowerOperations.setAddresses...
stabilityPool.setAddresses...
activePool.setAddresses...
defaultPool.setAddresses...
collSurplusPool.setAddresses...
hintHelpers.setAddresses...
lockupContractFactory.setLQTYTokenAddress...
qtyStaking.setAddresses...
communityIssuance.setAddresses...
Deploying contract multiTroveGetter...
No Etherscan Url defined, skipping verification
uniPool.setParams...
Contract objects addresses:
lqtyStaking: 0x2D603375Def4F9845761D5F69645c5e8Cfe276E9
lockupContractFactory: 0x1aE066cd789493eca7249CB583CF4A9f2a86B38b
communityIssuance: 0xF201c932ABd20012fdF62017AAe285b695CF2dEf
lqtyToken: 0x92E8B844CCD83401f5Ef9b2C46fC09BD5055Fc6d
Unipool address: 0x828ab1dAEF1b8e1a15C91298f1424eA03C411317
Deployment start time: 1627825525
Time oneYearFromDeployment: 1659361525
Creating lockup beneficiary contracts (if any)...
Skipping...no beneficiaries specified in config
Current Chainlink price: 1805040000
Current Tellor price: 1805040000
Current Tellor timestamp: 1627825110
LOCKUP CONTRACT CHECKS
LUSD-ETH Pair's current LUSD reserves: 0.000000000000000000
LUSD-ETH Pair's current ETH reserves: 0.000000000000000000
Number of troves: 0
Trove list size: 0
Getting total system debt...
Entire system debt: 0.000000000000000000
Entire system coll: 0.000000000000000000
TCR: 115792089237316195423570985008687907853269984665640564039457584007913129639935
Base rate: 0.000000000000000000
Current borrowing rate: 0.005000000000000000
Total LUSD SP deposits: 0.000000000000000000
Total LQTY staked: 0.000000000000000000
Total LP (LUSD-ETH) tokens staked in Unipool: 0.000000000000000000
TroveManager state variables:
Total trove stakes: 0.000000000000000000
Snapshot of total trove stakes before last liq. : 0.000000000000000000
Snapshot of total trove collateral before last liq. : 0.000000000000000000
L_ETH: 0.000000000000000000
L_LUSDDebt: 0.000000000000000000
StabilityPool state variables:
Product P: 1.000000000000000000
Current epoch: 0.000000000000000000
Current scale: 0.000000000000000000
Sum S, at current epoch and scale: 0.000000000000000000
Sum G, at current epoch and scale: 0.000000000000000000
LQTYStaking state variables:
F_LUSD: 0.000000000000000000
F_ETH: 0.000000000000000000
CommunityIssuance state variables:
Total LQTY issued to depositors / front ends: 0.000000000000000000
Checking all contracts renounced ownership...
*** SUCCESS: END OF DEPLOY TO ewVolta NETWORK ***
